<?xml version="1.0" encoding="UTF-8"?>
<testsuite xmlns:xsi="http://www.w3.org/2001/XMLSchema-instance" xsi:noNamespaceSchemaLocation="https://maven.apache.org/surefire/maven-surefire-plugin/xsd/surefire-test-report-3.0.xsd" version="3.0" name="ec.edu.epn.git.calculator.CalculatorTest" time="0.109" tests="5" errors="0" skipped="0" failures="0">
  <properties>
[...]
</properties>
  <testcase name="givenDivisionByZero_whenDivision_thenThrowsException" classname="ec.edu.epn.git.calculator.CalculatorTest" time="0.027">
    <system-out><![CDATA[Called setUpClass
Called setUp
Test excepción OK
Called tearDown
]]></system-out>
  </testcase>
  <testcase name="given_two_integers_when_addition_then_ok" classname="ec.edu.epn.git.calculator.CalculatorTest" time="0.004">
    <system-out><![CDATA[Called setUp
Test 1
Called tearDown
]]></system-out>
  </testcase>
  <testcase name="given_two_integers_when_division_then_ok" classname="ec.edu.epn.git.calculator.CalculatorTest" time="0.004">
    <system-out><![CDATA[Called setUp
Test 3
Called tearDown
]]></system-out>
  </testcase>
  <testcase name="give_two_integers_when_multiplication_then_ok" classname="ec.edu.epn.git.calculator.CalculatorTest" time="0.029">
    <system-out><![CDATA[Called setUp
Test 4
Called tearDown
]]></system-out>
  </testcase>
  <testcase name="given_two_integers_when_subtraction_then_ok" classname="ec.edu.epn.git.calculator.CalculatorTest" time="0.004">
    <system-out><![CDATA[Called setUp
Test 2
Called tearDown
]]></system-out>
  </testcase>
</testsuite>